<?xml version="1.0" encoding="utf-8" standalone="no"?><test-results xsi:noNamespaceSchemaLocation="nunit_schema_2.5.xsd" name="PSRule" total="22" errors="0" failures="8" not-run="0" inconclusive="0" ignored="0" skipped="0" invalid="0" date="2023-11-06" time="00:00:00.0020000" xmlns:xsi="http://www.w3.org/2001/XMLSchema-instance"><environment user="pazdedav" machine-name="dapazd-mbook" cwd="/Users/pazdedav/repos/nic-2023-project" user-domain="dapazd-mbook" platform="Unix" nunit-version="2.5.8.0" os-version="14.1.0" clr-version="7.0.13" /><culture-info current-culture="en-US" current-uiculture="en-US" /><test-suite type="TestFixture" name="awkv01wuaeu" executed="True" result="Failure" success="False" time="0" asserts="1" description=""><results><test-case description="This policy enables you to restrict the locations your organization can specify when deploying resources. Use to enforce your geo-compliance requirements. Excludes resource groups, Microsoft.AzureActiveDirectory/b2cDirectories, and resources that use the 'global' region." name="awkv01wuaeu -- Azure.Policy.67401da3f0d7" time="0" asserts="0" success="False" result="Failure" executed="True"><failure><message><![CDATA[This policy enables you to restrict the locations your organization can specify when deploying resources. Use to enforce your geo-compliance requirements. Excludes resource groups, Microsoft.AzureActiveDirectory/b2cDirectories, and resources that use the 'global' region.

The following reasons were reported:

- Is set to 'deny'.
]]></message><stack-trace><![CDATA[]]></stack-trace></failure></test-case><test-case description="Audit enabling of resource logs. This enables you to recreate activity trails to use for investigation purposes when a security incident occurs or when your network is compromised" name="awkv01wuaeu -- Azure.Policy.3b93d6157129" time="0" asserts="0" success="True" result="Success" executed="True" /><test-case description="Azure Private Link lets you connect your virtual networks to Azure services without a public IP address at the source or destination. The Private Link platform handles the connectivity between the consumer and services over the Azure backbone network. By mapping private endpoints to key vault, you can reduce data leakage risks. Learn more about private links at: https://aka.ms/akvprivatelink." name="awkv01wuaeu -- Azure.Policy.4bfa43127093" time="0" asserts="0" success="True" result="Success" executed="True" /></results></test-suite><test-suite type="TestFixture" name="stbicepapp002" executed="True" result="Failure" success="False" time="0" asserts="2" description=""><results><test-case description="This policy enables you to restrict the locations your organization can specify when deploying resources. Use to enforce your geo-compliance requirements. Excludes resource groups, Microsoft.AzureActiveDirectory/b2cDirectories, and resources that use the 'global' region." name="stbicepapp002 -- Azure.Policy.67401da3f0d7" time="0" asserts="0" success="False" result="Failure" executed="True"><failure><message><![CDATA[This policy enables you to restrict the locations your organization can specify when deploying resources. Use to enforce your geo-compliance requirements. Excludes resource groups, Microsoft.AzureActiveDirectory/b2cDirectories, and resources that use the 'global' region.

The following reasons were reported:

- Is set to 'deny'.
]]></message><stack-trace><![CDATA[]]></stack-trace></failure></test-case><test-case description="Network access to storage accounts should be restricted. Configure network rules so only applications from allowed networks can access the storage account. To allow connections from specific internet or on-premises clients, access can be granted to traffic from specific Azure virtual networks or to public internet IP address ranges" name="stbicepapp002 -- Azure.Policy.ff989b7c6a22" time="0" asserts="0" success="True" result="Success" executed="True" /><test-case description="Secure your blob and file storage account with greater flexibility using customer-managed keys. When you specify a customer-managed key, that key is used to protect and control access to the key that encrypts your data. Using customer-managed keys provides additional capabilities to control rotation of the key encryption key or cryptographically erase data." name="stbicepapp002 -- Azure.Policy.92737d530d6d" time="0" asserts="0" success="True" result="Success" executed="True" /><test-case description="Azure Private Link lets you connect your virtual network to Azure services without a public IP address at the source or destination. The Private Link platform handles the connectivity between the consumer and services over the Azure backbone network. By mapping private endpoints to your storage account, data leakage risks are reduced. Learn more about private links at - https://aka.ms/azureprivatelinkoverview" name="stbicepapp002 -- Azure.Policy.e0edf06a9641" time="0" asserts="0" success="True" result="Success" executed="True" /><test-case description="Audit requirement of Azure Active Directory (Azure AD) to authorize requests for your storage account. By default, requests can be authorized with either Azure Active Directory credentials, or by using the account access key for Shared Key authorization. Of these two types of authorization, Azure AD provides superior security and ease of use over Shared Key, and is recommended by Microsoft." name="stbicepapp002 -- Azure.Policy.f698ce87b33f" time="0" asserts="0" success="False" result="Failure" executed="True"><failure><message><![CDATA[Audit requirement of Azure Active Directory (Azure AD) to authorize requests for your storage account. By default, requests can be authorized with either Azure Active Directory credentials, or by using the account access key for Shared Key authorization. Of these two types of authorization, Azure AD provides superior security and ease of use over Shared Key, and is recommended by Microsoft.

The following reasons were reported:

- Is set to 'Audit'.
]]></message><stack-trace><![CDATA[]]></stack-trace></failure></test-case></results></test-suite><test-suite type="TestFixture" name="kv-bicep-app-002" executed="True" result="Failure" success="False" time="0.002" asserts="1" description=""><results><test-case description="This policy enables you to restrict the locations your organization can specify when deploying resources. Use to enforce your geo-compliance requirements. Excludes resource groups, Microsoft.AzureActiveDirectory/b2cDirectories, and resources that use the 'global' region." name="kv-bicep-app-002 -- Azure.Policy.67401da3f0d7" time="0.002" asserts="0" success="False" result="Failure" executed="True"><failure><message><![CDATA[This policy enables you to restrict the locations your organization can specify when deploying resources. Use to enforce your geo-compliance requirements. Excludes resource groups, Microsoft.AzureActiveDirectory/b2cDirectories, and resources that use the 'global' region.

The following reasons were reported:

- Is set to 'deny'.
]]></message><stack-trace><![CDATA[]]></stack-trace></failure></test-case><test-case description="Audit enabling of resource logs. This enables you to recreate activity trails to use for investigation purposes when a security incident occurs or when your network is compromised" name="kv-bicep-app-002 -- Azure.Policy.3b93d6157129" time="0" asserts="0" success="True" result="Success" executed="True" /><test-case description="Azure Private Link lets you connect your virtual networks to Azure services without a public IP address at the source or destination. The Private Link platform handles the connectivity between the consumer and services over the Azure backbone network. By mapping private endpoints to key vault, you can reduce data leakage risks. Learn more about private links at: https://aka.ms/akvprivatelink." name="kv-bicep-app-002 -- Azure.Policy.4bfa43127093" time="0" asserts="0" success="True" result="Success" executed="True" /></results></test-suite><test-suite type="TestFixture" name="kvtest001" executed="True" result="Failure" success="False" time="0" asserts="1" description=""><results><test-case description="This policy enables you to restrict the locations your organization can specify when deploying resources. Use to enforce your geo-compliance requirements. Excludes resource groups, Microsoft.AzureActiveDirectory/b2cDirectories, and resources that use the 'global' region." name="kvtest001 -- Azure.Policy.67401da3f0d7" time="0" asserts="0" success="False" result="Failure" executed="True"><failure><message><![CDATA[This policy enables you to restrict the locations your organization can specify when deploying resources. Use to enforce your geo-compliance requirements. Excludes resource groups, Microsoft.AzureActiveDirectory/b2cDirectories, and resources that use the 'global' region.

The following reasons were reported:

- Is set to 'deny'.
]]></message><stack-trace><![CDATA[]]></stack-trace></failure></test-case><test-case description="Audit enabling of resource logs. This enables you to recreate activity trails to use for investigation purposes when a security incident occurs or when your network is compromised" name="kvtest001 -- Azure.Policy.3b93d6157129" time="0" asserts="0" success="True" result="Success" executed="True" /><test-case description="Azure Private Link lets you connect your virtual networks to Azure services without a public IP address at the source or destination. The Private Link platform handles the connectivity between the consumer and services over the Azure backbone network. By mapping private endpoints to key vault, you can reduce data leakage risks. Learn more about private links at: https://aka.ms/akvprivatelink." name="kvtest001 -- Azure.Policy.4bfa43127093" time="0" asserts="0" success="True" result="Success" executed="True" /></results></test-suite><test-suite type="TestFixture" name="kvtest002" executed="True" result="Failure" success="False" time="0" asserts="1" description=""><results><test-case description="This policy enables you to restrict the locations your organization can specify when deploying resources. Use to enforce your geo-compliance requirements. Excludes resource groups, Microsoft.AzureActiveDirectory/b2cDirectories, and resources that use the 'global' region." name="kvtest002 -- Azure.Policy.67401da3f0d7" time="0" asserts="0" success="False" result="Failure" executed="True"><failure><message><![CDATA[This policy enables you to restrict the locations your organization can specify when deploying resources. Use to enforce your geo-compliance requirements. Excludes resource groups, Microsoft.AzureActiveDirectory/b2cDirectories, and resources that use the 'global' region.

The following reasons were reported:

- Is set to 'deny'.
]]></message><stack-trace><![CDATA[]]></stack-trace></failure></test-case><test-case description="Audit enabling of resource logs. This enables you to recreate activity trails to use for investigation purposes when a security incident occurs or when your network is compromised" name="kvtest002 -- Azure.Policy.3b93d6157129" time="0" asserts="0" success="True" result="Success" executed="True" /><test-case description="Azure Private Link lets you connect your virtual networks to Azure services without a public IP address at the source or destination. The Private Link platform handles the connectivity between the consumer and services over the Azure backbone network. By mapping private endpoints to key vault, you can reduce data leakage risks. Learn more about private links at: https://aka.ms/akvprivatelink." name="kvtest002 -- Azure.Policy.4bfa43127093" time="0" asserts="0" success="True" result="Success" executed="True" /></results></test-suite><test-suite type="TestFixture" name="sttest001" executed="True" result="Failure" success="False" time="0" asserts="2" description=""><results><test-case description="This policy enables you to restrict the locations your organization can specify when deploying resources. Use to enforce your geo-compliance requirements. Excludes resource groups, Microsoft.AzureActiveDirectory/b2cDirectories, and resources that use the 'global' region." name="sttest001 -- Azure.Policy.67401da3f0d7" time="0" asserts="0" success="False" result="Failure" executed="True"><failure><message><![CDATA[This policy enables you to restrict the locations your organization can specify when deploying resources. Use to enforce your geo-compliance requirements. Excludes resource groups, Microsoft.AzureActiveDirectory/b2cDirectories, and resources that use the 'global' region.

The following reasons were reported:

- Is set to 'deny'.
]]></message><stack-trace><![CDATA[]]></stack-trace></failure></test-case><test-case description="Network access to storage accounts should be restricted. Configure network rules so only applications from allowed networks can access the storage account. To allow connections from specific internet or on-premises clients, access can be granted to traffic from specific Azure virtual networks or to public internet IP address ranges" name="sttest001 -- Azure.Policy.ff989b7c6a22" time="0" asserts="0" success="True" result="Success" executed="True" /><test-case description="Secure your blob and file storage account with greater flexibility using customer-managed keys. When you specify a customer-managed key, that key is used to protect and control access to the key that encrypts your data. Using customer-managed keys provides additional capabilities to control rotation of the key encryption key or cryptographically erase data." name="sttest001 -- Azure.Policy.92737d530d6d" time="0" asserts="0" success="True" result="Success" executed="True" /><test-case description="Azure Private Link lets you connect your virtual network to Azure services without a public IP address at the source or destination. The Private Link platform handles the connectivity between the consumer and services over the Azure backbone network. By mapping private endpoints to your storage account, data leakage risks are reduced. Learn more about private links at - https://aka.ms/azureprivatelinkoverview" name="sttest001 -- Azure.Policy.e0edf06a9641" time="0" asserts="0" success="True" result="Success" executed="True" /><test-case description="Audit requirement of Azure Active Directory (Azure AD) to authorize requests for your storage account. By default, requests can be authorized with either Azure Active Directory credentials, or by using the account access key for Shared Key authorization. Of these two types of authorization, Azure AD provides superior security and ease of use over Shared Key, and is recommended by Microsoft." name="sttest001 -- Azure.Policy.f698ce87b33f" time="0" asserts="0" success="False" result="Failure" executed="True"><failure><message><![CDATA[Audit requirement of Azure Active Directory (Azure AD) to authorize requests for your storage account. By default, requests can be authorized with either Azure Active Directory credentials, or by using the account access key for Shared Key authorization. Of these two types of authorization, Azure AD provides superior security and ease of use over Shared Key, and is recommended by Microsoft.

The following reasons were reported:

- Is set to 'Audit'.
]]></message><stack-trace><![CDATA[]]></stack-trace></failure></test-case></results></test-suite></test-results>